{"/Users/oksanadotsenko/Desktop/fp/src/App.jsx": {"path":"/Users/oksanadotsenko/Desktop/fp/src/App.jsx","statementMap":{"0":{"start":{"line":18,"column":17},"end":{"line":71,"column":4}},"1":{"start":{"line":73,"column":2},"end":{"line":86,"column":3}}},"fnMap":{"0":{"name":"App","decl":{"start":{"line":15,"column":9},"end":{"line":15,"column":12}},"loc":{"start":{"line":15,"column":15},"end":{"line":87,"column":1}},"line":15}},"branchMap":{},"s":{"0":0,"1":0},"f":{"0":0},"b":{}}
,"/Users/oksanadotsenko/Desktop/fp/src/Artists/UploadExhibition.jsx": {"path":"/Users/oksanadotsenko/Desktop/fp/src/Artists/UploadExhibition.jsx","statementMap":{"0":{"start":{"line":12,"column":58},"end":{"line":12,"column":76}},"1":{"start":{"line":13,"column":16},"end":{"line":13,"column":29}},"2":{"start":{"line":14,"column":39},"end":{"line":14,"column":54}},"3":{"start":{"line":16,"column":54},"end":{"line":20,"column":6}},"4":{"start":{"line":22,"column":0},"end":{"line":22,"column":25}},"5":{"start":{"line":23,"column":0},"end":{"line":23,"column":30}},"6":{"start":{"line":26,"column":32},"end":{"line":26,"column":40}},"7":{"start":{"line":27,"column":9},"end":{"line":27,"column":68}},"8":{"start":{"line":27,"column":39},"end":{"line":27,"column":65}},"9":{"start":{"line":35,"column":2},"end":{"line":69,"column":9}},"10":{"start":{"line":37,"column":2},"end":{"line":37,"column":23}},"11":{"start":{"line":39,"column":28},"end":{"line":47,"column":3}},"12":{"start":{"line":42,"column":25},"end":{"line":42,"column":90}},"13":{"start":{"line":43,"column":6},"end":{"line":43,"column":42}},"14":{"start":{"line":45,"column":6},"end":{"line":45,"column":33}},"15":{"start":{"line":50,"column":8},"end":{"line":59,"column":9}},"16":{"start":{"line":65,"column":12},"end":{"line":65,"column":30}},"17":{"start":{"line":67,"column":12},"end":{"line":67,"column":33}},"18":{"start":{"line":68,"column":12},"end":{"line":68,"column":29}},"19":{"start":{"line":75,"column":2},"end":{"line":107,"column":4}},"20":{"start":{"line":81,"column":12},"end":{"line":86,"column":18}},"21":{"start":{"line":96,"column":28},"end":{"line":96,"column":42}},"22":{"start":{"line":104,"column":64},"end":{"line":104,"column":88}}},"fnMap":{"0":{"name":"UploadExhibition","decl":{"start":{"line":10,"column":9},"end":{"line":10,"column":25}},"loc":{"start":{"line":10,"column":28},"end":{"line":108,"column":1}},"line":10},"1":{"name":"handleChange","decl":{"start":{"line":25,"column":13},"end":{"line":25,"column":25}},"loc":{"start":{"line":25,"column":28},"end":{"line":28,"column":5}},"line":25},"2":{"name":"(anonymous_2)","decl":{"start":{"line":27,"column":30},"end":{"line":27,"column":31}},"loc":{"start":{"line":27,"column":39},"end":{"line":27,"column":65}},"line":27},"3":{"name":"handleUpload","decl":{"start":{"line":33,"column":16},"end":{"line":33,"column":28}},"loc":{"start":{"line":33,"column":30},"end":{"line":71,"column":5}},"line":33},"4":{"name":"(anonymous_4)","decl":{"start":{"line":40,"column":14},"end":{"line":40,"column":15}},"loc":{"start":{"line":40,"column":30},"end":{"line":46,"column":5}},"line":40},"5":{"name":"(anonymous_5)","decl":{"start":{"line":80,"column":19},"end":{"line":80,"column":20}},"loc":{"start":{"line":81,"column":12},"end":{"line":86,"column":18}},"line":81},"6":{"name":"(anonymous_6)","decl":{"start":{"line":96,"column":23},"end":{"line":96,"column":24}},"loc":{"start":{"line":96,"column":28},"end":{"line":96,"column":42}},"line":96},"7":{"name":"(anonymous_7)","decl":{"start":{"line":104,"column":59},"end":{"line":104,"column":60}},"loc":{"start":{"line":104,"column":64},"end":{"line":104,"column":88}},"line":104}},"branchMap":{"0":{"loc":{"start":{"line":77,"column":5},"end":{"line":105,"column":14}},"type":"cond-expr","locations":[{"start":{"line":78,"column":10},"end":{"line":99,"column":10}},{"start":{"line":100,"column":4},"end":{"line":105,"column":14}}],"line":77},"1":{"loc":{"start":{"line":96,"column":91},"end":{"line":96,"column":130}},"type":"cond-expr","locations":[{"start":{"line":96,"column":106},"end":{"line":96,"column":120}},{"start":{"line":96,"column":122},"end":{"line":96,"column":130}}],"line":96}},"s":{"0":14,"1":14,"2":14,"3":14,"4":14,"5":14,"6":11,"7":11,"8":11,"9":1,"10":1,"11":1,"12":2,"13":2,"14":2,"15":0,"16":1,"17":1,"18":1,"19":14,"20":26,"21":1,"22":1},"f":{"0":14,"1":11,"2":11,"3":1,"4":2,"5":26,"6":1,"7":1},"b":{"0":[13,1],"1":[1,12]},"_coverageSchema":"1a1c01bbd47fc00a2c39e90264f33305004495a9","hash":"78f6508bd88561b4b672d498a7498f1e4279225d"}
,"/Users/oksanadotsenko/Desktop/fp/src/Business/BusinessSignUp.jsx": {"path":"/Users/oksanadotsenko/Desktop/fp/src/Business/BusinessSignUp.jsx","statementMap":{"0":{"start":{"line":12,"column":78},"end":{"line":12,"column":121}},"1":{"start":{"line":14,"column":40},"end":{"line":14,"column":52}},"2":{"start":{"line":15,"column":37},"end":{"line":15,"column":50}},"3":{"start":{"line":16,"column":36},"end":{"line":16,"column":51}},"4":{"start":{"line":22,"column":2},"end":{"line":65,"column":3}},"5":{"start":{"line":24,"column":29},"end":{"line":24,"column":85}},"6":{"start":{"line":27,"column":23},"end":{"line":27,"column":74}},"7":{"start":{"line":28,"column":3},"end":{"line":28,"column":27}},"8":{"start":{"line":29,"column":27},"end":{"line":29,"column":140}},"9":{"start":{"line":29,"column":77},"end":{"line":29,"column":139}},"10":{"start":{"line":30,"column":3},"end":{"line":30,"column":31}},"11":{"start":{"line":31,"column":5},"end":{"line":31,"column":46}},"12":{"start":{"line":33,"column":4},"end":{"line":33,"column":48}},"13":{"start":{"line":34,"column":6},"end":{"line":34,"column":109}},"14":{"start":{"line":36,"column":4},"end":{"line":60,"column":5}},"15":{"start":{"line":38,"column":29},"end":{"line":42,"column":5}},"16":{"start":{"line":43,"column":24},"end":{"line":43,"column":43}},"17":{"start":{"line":45,"column":7},"end":{"line":57,"column":9}},"18":{"start":{"line":58,"column":6},"end":{"line":58,"column":67}},"19":{"start":{"line":59,"column":6},"end":{"line":59,"column":24}},"20":{"start":{"line":63,"column":4},"end":{"line":63,"column":57}},"21":{"start":{"line":70,"column":2},"end":{"line":251,"column":8}},"22":{"start":{"line":77,"column":6},"end":{"line":81,"column":7}},"23":{"start":{"line":78,"column":22},"end":{"line":78,"column":30}},"24":{"start":{"line":79,"column":8},"end":{"line":79,"column":67}},"25":{"start":{"line":80,"column":8},"end":{"line":80,"column":22}},"26":{"start":{"line":101,"column":18},"end":{"line":101,"column":95}},"27":{"start":{"line":117,"column":18},"end":{"line":117,"column":95}},"28":{"start":{"line":128,"column":18},"end":{"line":128,"column":95}},"29":{"start":{"line":143,"column":18},"end":{"line":143,"column":120}},"30":{"start":{"line":175,"column":18},"end":{"line":175,"column":118}},"31":{"start":{"line":226,"column":8},"end":{"line":226,"column":63}}},"fnMap":{"0":{"name":"BusinessSignup","decl":{"start":{"line":11,"column":9},"end":{"line":11,"column":23}},"loc":{"start":{"line":11,"column":26},"end":{"line":253,"column":1}},"line":11},"1":{"name":"onSubmit","decl":{"start":{"line":20,"column":17},"end":{"line":20,"column":25}},"loc":{"start":{"line":20,"column":33},"end":{"line":66,"column":1}},"line":20},"2":{"name":"(anonymous_2)","decl":{"start":{"line":29,"column":69},"end":{"line":29,"column":70}},"loc":{"start":{"line":29,"column":77},"end":{"line":29,"column":139}},"line":29},"3":{"name":"(anonymous_3)","decl":{"start":{"line":76,"column":26},"end":{"line":76,"column":27}},"loc":{"start":{"line":76,"column":31},"end":{"line":82,"column":5}},"line":76},"4":{"name":"(anonymous_4)","decl":{"start":{"line":100,"column":26},"end":{"line":100,"column":27}},"loc":{"start":{"line":101,"column":18},"end":{"line":101,"column":95}},"line":101},"5":{"name":"(anonymous_5)","decl":{"start":{"line":116,"column":26},"end":{"line":116,"column":27}},"loc":{"start":{"line":117,"column":18},"end":{"line":117,"column":95}},"line":117},"6":{"name":"(anonymous_6)","decl":{"start":{"line":127,"column":26},"end":{"line":127,"column":27}},"loc":{"start":{"line":128,"column":18},"end":{"line":128,"column":95}},"line":128},"7":{"name":"(anonymous_7)","decl":{"start":{"line":142,"column":26},"end":{"line":142,"column":27}},"loc":{"start":{"line":143,"column":18},"end":{"line":143,"column":120}},"line":143},"8":{"name":"(anonymous_8)","decl":{"start":{"line":174,"column":24},"end":{"line":174,"column":25}},"loc":{"start":{"line":175,"column":18},"end":{"line":175,"column":118}},"line":175},"9":{"name":"(anonymous_9)","decl":{"start":{"line":225,"column":16},"end":{"line":225,"column":17}},"loc":{"start":{"line":226,"column":8},"end":{"line":226,"column":63}},"line":226}},"branchMap":{"0":{"loc":{"start":{"line":29,"column":27},"end":{"line":29,"column":140}},"type":"binary-expr","locations":[{"start":{"line":29,"column":27},"end":{"line":29,"column":42}},{"start":{"line":29,"column":46},"end":{"line":29,"column":140}}],"line":29},"1":{"loc":{"start":{"line":29,"column":77},"end":{"line":29,"column":139}},"type":"binary-expr","locations":[{"start":{"line":29,"column":77},"end":{"line":29,"column":102}},{"start":{"line":29,"column":106},"end":{"line":29,"column":139}}],"line":29},"2":{"loc":{"start":{"line":33,"column":4},"end":{"line":33,"column":48}},"type":"binary-expr","locations":[{"start":{"line":33,"column":4},"end":{"line":33,"column":16}},{"start":{"line":33,"column":20},"end":{"line":33,"column":48}}],"line":33},"3":{"loc":{"start":{"line":34,"column":6},"end":{"line":34,"column":109}},"type":"binary-expr","locations":[{"start":{"line":34,"column":6},"end":{"line":34,"column":34}},{"start":{"line":34,"column":39},"end":{"line":34,"column":109}}],"line":34},"4":{"loc":{"start":{"line":36,"column":4},"end":{"line":60,"column":5}},"type":"if","locations":[{"start":{"line":36,"column":4},"end":{"line":60,"column":5}},{"start":{},"end":{}}],"line":36},"5":{"loc":{"start":{"line":36,"column":8},"end":{"line":36,"column":49}},"type":"binary-expr","locations":[{"start":{"line":36,"column":8},"end":{"line":36,"column":19}},{"start":{"line":36,"column":23},"end":{"line":36,"column":49}}],"line":36},"6":{"loc":{"start":{"line":75,"column":7},"end":{"line":245,"column":8}},"type":"cond-expr","locations":[{"start":{"line":75,"column":20},"end":{"line":236,"column":11}},{"start":{"line":237,"column":6},"end":{"line":245,"column":8}}],"line":75},"7":{"loc":{"start":{"line":77,"column":6},"end":{"line":81,"column":7}},"type":"if","locations":[{"start":{"line":77,"column":6},"end":{"line":81,"column":7}},{"start":{},"end":{}}],"line":77},"8":{"loc":{"start":{"line":85,"column":18},"end":{"line":87,"column":188}},"type":"binary-expr","locations":[{"start":{"line":85,"column":18},"end":{"line":85,"column":40}},{"start":{"line":87,"column":16},"end":{"line":87,"column":188}}],"line":85},"9":{"loc":{"start":{"line":90,"column":17},"end":{"line":90,"column":228}},"type":"binary-expr","locations":[{"start":{"line":90,"column":17},"end":{"line":90,"column":49}},{"start":{"line":90,"column":53},"end":{"line":90,"column":228}}],"line":90},"10":{"loc":{"start":{"line":101,"column":18},"end":{"line":101,"column":95}},"type":"binary-expr","locations":[{"start":{"line":101,"column":18},"end":{"line":101,"column":43}},{"start":{"line":101,"column":47},"end":{"line":101,"column":95}}],"line":101},"11":{"loc":{"start":{"line":117,"column":18},"end":{"line":117,"column":95}},"type":"binary-expr","locations":[{"start":{"line":117,"column":18},"end":{"line":117,"column":43}},{"start":{"line":117,"column":47},"end":{"line":117,"column":95}}],"line":117},"12":{"loc":{"start":{"line":128,"column":18},"end":{"line":128,"column":95}},"type":"binary-expr","locations":[{"start":{"line":128,"column":18},"end":{"line":128,"column":43}},{"start":{"line":128,"column":47},"end":{"line":128,"column":95}}],"line":128},"13":{"loc":{"start":{"line":143,"column":18},"end":{"line":143,"column":120}},"type":"binary-expr","locations":[{"start":{"line":143,"column":18},"end":{"line":143,"column":80}},{"start":{"line":143,"column":84},"end":{"line":143,"column":120}}],"line":143},"14":{"loc":{"start":{"line":146,"column":31},"end":{"line":146,"column":59}},"type":"binary-expr","locations":[{"start":{"line":146,"column":31},"end":{"line":146,"column":53}},{"start":{"line":146,"column":55},"end":{"line":146,"column":59}}],"line":146},"15":{"loc":{"start":{"line":156,"column":33},"end":{"line":156,"column":63}},"type":"binary-expr","locations":[{"start":{"line":156,"column":33},"end":{"line":156,"column":55}},{"start":{"line":156,"column":59},"end":{"line":156,"column":63}}],"line":156},"16":{"loc":{"start":{"line":166,"column":27},"end":{"line":166,"column":65}},"type":"binary-expr","locations":[{"start":{"line":166,"column":27},"end":{"line":166,"column":58}},{"start":{"line":166,"column":61},"end":{"line":166,"column":65}}],"line":166},"17":{"loc":{"start":{"line":175,"column":18},"end":{"line":175,"column":118}},"type":"binary-expr","locations":[{"start":{"line":175,"column":18},"end":{"line":175,"column":83}},{"start":{"line":175,"column":87},"end":{"line":175,"column":118}}],"line":175},"18":{"loc":{"start":{"line":178,"column":27},"end":{"line":178,"column":65}},"type":"binary-expr","locations":[{"start":{"line":178,"column":27},"end":{"line":178,"column":58}},{"start":{"line":178,"column":61},"end":{"line":178,"column":65}}],"line":178},"19":{"loc":{"start":{"line":226,"column":8},"end":{"line":226,"column":63}},"type":"binary-expr","locations":[{"start":{"line":226,"column":8},"end":{"line":226,"column":35}},{"start":{"line":226,"column":39},"end":{"line":226,"column":63}}],"line":226},"20":{"loc":{"start":{"line":235,"column":74},"end":{"line":235,"column":128}},"type":"cond-expr","locations":[{"start":{"line":235,"column":88},"end":{"line":235,"column":119}},{"start":{"line":235,"column":120},"end":{"line":235,"column":128}}],"line":235}},"s":{"0":6,"1":6,"2":6,"3":6,"4":2,"5":2,"6":2,"7":2,"8":2,"9":2,"10":2,"11":2,"12":2,"13":2,"14":2,"15":1,"16":1,"17":1,"18":1,"19":1,"20":0,"21":6,"22":0,"23":0,"24":0,"25":0,"26":2,"27":2,"28":2,"29":2,"30":2,"31":2},"f":{"0":6,"1":2,"2":2,"3":0,"4":2,"5":2,"6":2,"7":2,"8":2,"9":2},"b":{"0":[2,2],"1":[2,1],"2":[2,0],"3":[2,1],"4":[1,1],"5":[2,2],"6":[5,1],"7":[0,0],"8":[5,1],"9":[5,0],"10":[2,0],"11":[2,0],"12":[2,0],"13":[2,0],"14":[5,1],"15":[5,1],"16":[5,0],"17":[2,0],"18":[5,0],"19":[2,0],"20":[0,5]},"_coverageSchema":"1a1c01bbd47fc00a2c39e90264f33305004495a9","hash":"6ef191976f62c10e04f1c5ca1765a979773d3f2b"}
,"/Users/oksanadotsenko/Desktop/fp/src/Forms/SignIn.jsx": {"path":"/Users/oksanadotsenko/Desktop/fp/src/Forms/SignIn.jsx","statementMap":{"0":{"start":{"line":12,"column":22},"end":{"line":12,"column":39}},"1":{"start":{"line":13,"column":88},"end":{"line":13,"column":152}},"2":{"start":{"line":14,"column":21},"end":{"line":14,"column":34}},"3":{"start":{"line":15,"column":21},"end":{"line":79,"column":7}},"4":{"start":{"line":16,"column":9},"end":{"line":78,"column":3}},"5":{"start":{"line":18,"column":8},"end":{"line":18,"column":61}},"6":{"start":{"line":20,"column":32},"end":{"line":24,"column":11}},"7":{"start":{"line":26,"column":17},"end":{"line":26,"column":36}},"8":{"start":{"line":28,"column":22},"end":{"line":28,"column":64}},"9":{"start":{"line":30,"column":19},"end":{"line":30,"column":23}},"10":{"start":{"line":32,"column":4},"end":{"line":38,"column":7}},"11":{"start":{"line":33,"column":6},"end":{"line":33,"column":34}},"12":{"start":{"line":34,"column":6},"end":{"line":34,"column":45}},"13":{"start":{"line":35,"column":6},"end":{"line":35,"column":36}},"14":{"start":{"line":36,"column":13},"end":{"line":38,"column":7}},"15":{"start":{"line":37,"column":8},"end":{"line":37,"column":26}},"16":{"start":{"line":39,"column":4},"end":{"line":39,"column":21}},"17":{"start":{"line":48,"column":25},"end":{"line":48,"column":27}},"18":{"start":{"line":49,"column":5},"end":{"line":67,"column":19}},"19":{"start":{"line":51,"column":9},"end":{"line":51,"column":61}},"20":{"start":{"line":52,"column":9},"end":{"line":52,"column":15}},"21":{"start":{"line":54,"column":11},"end":{"line":54,"column":49}},"22":{"start":{"line":55,"column":11},"end":{"line":55,"column":17}},"23":{"start":{"line":57,"column":13},"end":{"line":57,"column":74}},"24":{"start":{"line":58,"column":13},"end":{"line":58,"column":19}},"25":{"start":{"line":60,"column":15},"end":{"line":60,"column":59}},"26":{"start":{"line":61,"column":15},"end":{"line":61,"column":21}},"27":{"start":{"line":63,"column":17},"end":{"line":63,"column":67}},"28":{"start":{"line":64,"column":17},"end":{"line":64,"column":23}},"29":{"start":{"line":66,"column":19},"end":{"line":66,"column":67}},"30":{"start":{"line":69,"column":18},"end":{"line":69,"column":75}},"31":{"start":{"line":70,"column":18},"end":{"line":73,"column":21}},"32":{"start":{"line":75,"column":18},"end":{"line":75,"column":35}},"33":{"start":{"line":82,"column":2},"end":{"line":130,"column":4}},"34":{"start":{"line":103,"column":16},"end":{"line":103,"column":118}},"35":{"start":{"line":106,"column":27},"end":{"line":106,"column":50}}},"fnMap":{"0":{"name":"SignIn","decl":{"start":{"line":11,"column":9},"end":{"line":11,"column":15}},"loc":{"start":{"line":11,"column":18},"end":{"line":132,"column":1}},"line":11},"1":{"name":"(anonymous_1)","decl":{"start":{"line":15,"column":21},"end":{"line":15,"column":22}},"loc":{"start":{"line":15,"column":37},"end":{"line":79,"column":7}},"line":15},"2":{"name":"(anonymous_2)","decl":{"start":{"line":102,"column":24},"end":{"line":102,"column":25}},"loc":{"start":{"line":103,"column":16},"end":{"line":103,"column":118}},"line":103},"3":{"name":"(anonymous_3)","decl":{"start":{"line":106,"column":22},"end":{"line":106,"column":23}},"loc":{"start":{"line":106,"column":27},"end":{"line":106,"column":50}},"line":106}},"branchMap":{"0":{"loc":{"start":{"line":32,"column":4},"end":{"line":38,"column":7}},"type":"if","locations":[{"start":{"line":32,"column":4},"end":{"line":38,"column":7}},{"start":{"line":36,"column":13},"end":{"line":38,"column":7}}],"line":32},"1":{"loc":{"start":{"line":36,"column":13},"end":{"line":38,"column":7}},"type":"if","locations":[{"start":{"line":36,"column":13},"end":{"line":38,"column":7}},{"start":{},"end":{}}],"line":36},"2":{"loc":{"start":{"line":49,"column":5},"end":{"line":67,"column":19}},"type":"switch","locations":[{"start":{"line":50,"column":7},"end":{"line":52,"column":15}},{"start":{"line":53,"column":9},"end":{"line":55,"column":17}},{"start":{"line":56,"column":11},"end":{"line":58,"column":19}},{"start":{"line":59,"column":13},"end":{"line":61,"column":21}},{"start":{"line":62,"column":15},"end":{"line":64,"column":23}},{"start":{"line":65,"column":17},"end":{"line":66,"column":67}}],"line":49},"3":{"loc":{"start":{"line":66,"column":35},"end":{"line":66,"column":66}},"type":"binary-expr","locations":[{"start":{"line":66,"column":35},"end":{"line":66,"column":46}},{"start":{"line":66,"column":50},"end":{"line":66,"column":66}}],"line":66},"4":{"loc":{"start":{"line":90,"column":3},"end":{"line":92,"column":10}},"type":"cond-expr","locations":[{"start":{"line":91,"column":4},"end":{"line":91,"column":102}},{"start":{"line":92,"column":6},"end":{"line":92,"column":10}}],"line":90},"5":{"loc":{"start":{"line":103,"column":16},"end":{"line":103,"column":118}},"type":"binary-expr","locations":[{"start":{"line":103,"column":16},"end":{"line":103,"column":78}},{"start":{"line":103,"column":82},"end":{"line":103,"column":118}}],"line":103}},"s":{"0":9,"1":9,"2":9,"3":9,"4":0,"5":0,"6":0,"7":0,"8":0,"9":0,"10":0,"11":0,"12":0,"13":0,"14":0,"15":0,"16":0,"17":0,"18":0,"19":0,"20":0,"21":0,"22":0,"23":0,"24":0,"25":0,"26":0,"27":0,"28":0,"29":0,"30":0,"31":0,"32":0,"33":9,"34":2,"35":5},"f":{"0":9,"1":0,"2":2,"3":5},"b":{"0":[0,0],"1":[0,0],"2":[0,0,0,0,0,0],"3":[0,0],"4":[0,9],"5":[2,2]},"_coverageSchema":"1a1c01bbd47fc00a2c39e90264f33305004495a9","hash":"1cea0d52ff61a490cb2252f5180504307de5a0d5"}
,"/Users/oksanadotsenko/Desktop/fp/src/Forms/UserAuthContext.jsx": {"path":"/Users/oksanadotsenko/Desktop/fp/src/Forms/UserAuthContext.jsx","statementMap":{"0":{"start":{"line":7,"column":20},"end":{"line":7,"column":35}},"1":{"start":{"line":8,"column":29},"end":{"line":8,"column":57}},"2":{"start":{"line":8,"column":34},"end":{"line":8,"column":57}},"3":{"start":{"line":9,"column":28},"end":{"line":20,"column":1}},"4":{"start":{"line":10,"column":28},"end":{"line":10,"column":42}},"5":{"start":{"line":14,"column":2},"end":{"line":18,"column":4}}},"fnMap":{"0":{"name":"(anonymous_0)","decl":{"start":{"line":8,"column":29},"end":{"line":8,"column":30}},"loc":{"start":{"line":8,"column":34},"end":{"line":8,"column":57}},"line":8},"1":{"name":"(anonymous_1)","decl":{"start":{"line":9,"column":28},"end":{"line":9,"column":29}},"loc":{"start":{"line":9,"column":42},"end":{"line":20,"column":1}},"line":9}},"branchMap":{},"s":{"0":1,"1":1,"2":0,"3":1,"4":0,"5":0},"f":{"0":0,"1":0},"b":{},"_coverageSchema":"1a1c01bbd47fc00a2c39e90264f33305004495a9","hash":"ac1f4f0e5eafbe00e5ac5c9e9ce56115d415f5e1"}
,"/Users/oksanadotsenko/Desktop/fp/src/utilities/fetchData.js": {"path":"/Users/oksanadotsenko/Desktop/fp/src/utilities/fetchData.js","statementMap":{"0":{"start":{"line":4,"column":18},"end":{"line":4,"column":35}},"1":{"start":{"line":5,"column":6},"end":{"line":11,"column":7}},"2":{"start":{"line":6,"column":8},"end":{"line":6,"column":43}},"3":{"start":{"line":8,"column":13},"end":{"line":11,"column":7}},"4":{"start":{"line":9,"column":23},"end":{"line":9,"column":39}},"5":{"start":{"line":10,"column":8},"end":{"line":10,"column":19}}},"fnMap":{"0":{"name":"fetchData","decl":{"start":{"line":3,"column":22},"end":{"line":3,"column":31}},"loc":{"start":{"line":3,"column":37},"end":{"line":13,"column":1}},"line":3}},"branchMap":{"0":{"loc":{"start":{"line":5,"column":6},"end":{"line":11,"column":7}},"type":"if","locations":[{"start":{"line":5,"column":6},"end":{"line":11,"column":7}},{"start":{"line":8,"column":13},"end":{"line":11,"column":7}}],"line":5},"1":{"loc":{"start":{"line":8,"column":13},"end":{"line":11,"column":7}},"type":"if","locations":[{"start":{"line":8,"column":13},"end":{"line":11,"column":7}},{"start":{},"end":{}}],"line":8}},"s":{"0":2,"1":2,"2":1,"3":1,"4":1,"5":1},"f":{"0":2},"b":{"0":[1,1],"1":[1,0]},"_coverageSchema":"1a1c01bbd47fc00a2c39e90264f33305004495a9","hash":"6431b59fb62fcfce80d2e88278d16ca1d67155d3"}
}
