{"/Users/oksanadotsenko/Desktop/fp/src/Admin/Admin.jsx": {"path":"/Users/oksanadotsenko/Desktop/fp/src/Admin/Admin.jsx","statementMap":{"0":{"start":{"line":9,"column":39},"end":{"line":9,"column":51}},"1":{"start":{"line":10,"column":19},"end":{"line":10,"column":32}},"2":{"start":{"line":11,"column":25},"end":{"line":11,"column":69}},"3":{"start":{"line":14,"column":6},"end":{"line":27,"column":7}},"4":{"start":{"line":16,"column":29},"end":{"line":18,"column":28}},"5":{"start":{"line":20,"column":31},"end":{"line":20,"column":65}},"6":{"start":{"line":21,"column":15},"end":{"line":21,"column":83}},"7":{"start":{"line":21,"column":51},"end":{"line":21,"column":81}},"8":{"start":{"line":23,"column":8},"end":{"line":23,"column":27}},"9":{"start":{"line":24,"column":8},"end":{"line":24,"column":45}},"10":{"start":{"line":26,"column":8},"end":{"line":26,"column":26}},"11":{"start":{"line":31,"column":2},"end":{"line":38,"column":8}},"12":{"start":{"line":32,"column":21},"end":{"line":32,"column":25}},"13":{"start":{"line":34,"column":4},"end":{"line":34,"column":21}},"14":{"start":{"line":35,"column":4},"end":{"line":37,"column":5}},"15":{"start":{"line":36,"column":6},"end":{"line":36,"column":23}},"16":{"start":{"line":40,"column":2},"end":{"line":40,"column":26}},"17":{"start":{"line":43,"column":2},"end":{"line":43,"column":49}},"18":{"start":{"line":46,"column":2},"end":{"line":86,"column":4}},"19":{"start":{"line":57,"column":10},"end":{"line":74,"column":11}},"20":{"start":{"line":58,"column":70},"end":{"line":58,"column":102}}},"fnMap":{"0":{"name":"AdminDashboard","decl":{"start":{"line":7,"column":9},"end":{"line":7,"column":23}},"loc":{"start":{"line":7,"column":26},"end":{"line":87,"column":1}},"line":7},"1":{"name":"fetchExhibition","decl":{"start":{"line":13,"column":16},"end":{"line":13,"column":31}},"loc":{"start":{"line":13,"column":34},"end":{"line":28,"column":5}},"line":13},"2":{"name":"(anonymous_2)","decl":{"start":{"line":21,"column":44},"end":{"line":21,"column":45}},"loc":{"start":{"line":21,"column":51},"end":{"line":21,"column":81}},"line":21},"3":{"name":"(anonymous_3)","decl":{"start":{"line":31,"column":12},"end":{"line":31,"column":13}},"loc":{"start":{"line":31,"column":16},"end":{"line":38,"column":3}},"line":31},"4":{"name":"(anonymous_4)","decl":{"start":{"line":35,"column":10},"end":{"line":35,"column":11}},"loc":{"start":{"line":35,"column":14},"end":{"line":37,"column":5}},"line":35},"5":{"name":"navigateToExhibition","decl":{"start":{"line":42,"column":10},"end":{"line":42,"column":30}},"loc":{"start":{"line":42,"column":35},"end":{"line":44,"column":1}},"line":42},"6":{"name":"(anonymous_6)","decl":{"start":{"line":56,"column":40},"end":{"line":56,"column":41}},"loc":{"start":{"line":56,"column":52},"end":{"line":75,"column":9}},"line":56},"7":{"name":"(anonymous_7)","decl":{"start":{"line":58,"column":65},"end":{"line":58,"column":66}},"loc":{"start":{"line":58,"column":70},"end":{"line":58,"column":102}},"line":58}},"branchMap":{"0":{"loc":{"start":{"line":51,"column":7},"end":{"line":81,"column":44}},"type":"cond-expr","locations":[{"start":{"line":52,"column":7},"end":{"line":78,"column":9}},{"start":{"line":81,"column":11},"end":{"line":81,"column":44}}],"line":51},"1":{"loc":{"start":{"line":56,"column":9},"end":{"line":75,"column":10}},"type":"binary-expr","locations":[{"start":{"line":56,"column":9},"end":{"line":56,"column":20}},{"start":{"line":56,"column":24},"end":{"line":75,"column":10}}],"line":56},"2":{"loc":{"start":{"line":67,"column":16},"end":{"line":67,"column":60}},"type":"binary-expr","locations":[{"start":{"line":67,"column":16},"end":{"line":67,"column":41}},{"start":{"line":67,"column":44},"end":{"line":67,"column":60}}],"line":67},"3":{"loc":{"start":{"line":68,"column":17},"end":{"line":68,"column":62}},"type":"binary-expr","locations":[{"start":{"line":68,"column":17},"end":{"line":68,"column":43}},{"start":{"line":68,"column":46},"end":{"line":68,"column":62}}],"line":68},"4":{"loc":{"start":{"line":69,"column":17},"end":{"line":69,"column":60}},"type":"binary-expr","locations":[{"start":{"line":69,"column":17},"end":{"line":69,"column":43}},{"start":{"line":69,"column":46},"end":{"line":69,"column":60}}],"line":69}},"s":{"0":3,"1":3,"2":3,"3":1,"4":1,"5":1,"6":1,"7":2,"8":1,"9":1,"10":1,"11":3,"12":1,"13":1,"14":1,"15":1,"16":3,"17":1,"18":3,"19":2,"20":1},"f":{"0":3,"1":1,"2":2,"3":1,"4":1,"5":1,"6":2,"7":1},"b":{"0":[2,1],"1":[2,2],"2":[2,2],"3":[2,0],"4":[2,0]},"_coverageSchema":"1a1c01bbd47fc00a2c39e90264f33305004495a9","hash":"aff8ed6d8b1dfcf84c5b8200ab5eac91e0840e61"}
,"/Users/oksanadotsenko/Desktop/fp/src/Admin/ExhibitionSubmission.jsx": {"path":"/Users/oksanadotsenko/Desktop/fp/src/Admin/ExhibitionSubmission.jsx","statementMap":{"0":{"start":{"line":13,"column":21},"end":{"line":13,"column":65}},"1":{"start":{"line":14,"column":20},"end":{"line":14,"column":37}},"2":{"start":{"line":15,"column":24},"end":{"line":15,"column":42}},"3":{"start":{"line":16,"column":28},"end":{"line":16,"column":85}},"4":{"start":{"line":16,"column":54},"end":{"line":16,"column":84}},"5":{"start":{"line":17,"column":32},"end":{"line":17,"column":47}},"6":{"start":{"line":18,"column":19},"end":{"line":18,"column":32}},"7":{"start":{"line":22,"column":4},"end":{"line":73,"column":5}},"8":{"start":{"line":23,"column":33},"end":{"line":23,"column":80}},"9":{"start":{"line":25,"column":42},"end":{"line":28,"column":28}},"10":{"start":{"line":29,"column":47},"end":{"line":32,"column":27}},"11":{"start":{"line":33,"column":44},"end":{"line":33,"column":85}},"12":{"start":{"line":34,"column":46},"end":{"line":34,"column":90}},"13":{"start":{"line":36,"column":37},"end":{"line":36,"column":114}},"14":{"start":{"line":36,"column":83},"end":{"line":36,"column":112}},"15":{"start":{"line":37,"column":38},"end":{"line":37,"column":116}},"16":{"start":{"line":37,"column":85},"end":{"line":37,"column":114}},"17":{"start":{"line":39,"column":6},"end":{"line":39,"column":35}},"18":{"start":{"line":40,"column":6},"end":{"line":40,"column":61}},"19":{"start":{"line":41,"column":6},"end":{"line":41,"column":68}},"20":{"start":{"line":42,"column":6},"end":{"line":42,"column":70}},"21":{"start":{"line":43,"column":6},"end":{"line":43,"column":30}},"22":{"start":{"line":46,"column":6},"end":{"line":50,"column":7}},"23":{"start":{"line":47,"column":8},"end":{"line":47,"column":50}},"24":{"start":{"line":49,"column":8},"end":{"line":49,"column":86}},"25":{"start":{"line":52,"column":25},"end":{"line":52,"column":48}},"26":{"start":{"line":53,"column":23},"end":{"line":53,"column":93}},"27":{"start":{"line":56,"column":8},"end":{"line":67,"column":8}},"28":{"start":{"line":57,"column":8},"end":{"line":61,"column":9}},"29":{"start":{"line":61,"column":16},"end":{"line":67,"column":8}},"30":{"start":{"line":62,"column":10},"end":{"line":65,"column":12}},"31":{"start":{"line":70,"column":6},"end":{"line":70,"column":21}},"32":{"start":{"line":72,"column":8},"end":{"line":72,"column":26}},"33":{"start":{"line":78,"column":2},"end":{"line":119,"column":4}},"34":{"start":{"line":93,"column":12},"end":{"line":98,"column":18}},"35":{"start":{"line":104,"column":46},"end":{"line":104,"column":74}},"36":{"start":{"line":107,"column":47},"end":{"line":107,"column":75}},"37":{"start":{"line":114,"column":30},"end":{"line":114,"column":48}}},"fnMap":{"0":{"name":"ExhibitionSubmission","decl":{"start":{"line":12,"column":9},"end":{"line":12,"column":29}},"loc":{"start":{"line":12,"column":32},"end":{"line":120,"column":1}},"line":12},"1":{"name":"(anonymous_1)","decl":{"start":{"line":16,"column":45},"end":{"line":16,"column":46}},"loc":{"start":{"line":16,"column":54},"end":{"line":16,"column":84}},"line":16},"2":{"name":"reviewSubmission","decl":{"start":{"line":21,"column":18},"end":{"line":21,"column":34}},"loc":{"start":{"line":21,"column":42},"end":{"line":76,"column":4}},"line":21},"3":{"name":"(anonymous_3)","decl":{"start":{"line":36,"column":76},"end":{"line":36,"column":77}},"loc":{"start":{"line":36,"column":83},"end":{"line":36,"column":112}},"line":36},"4":{"name":"(anonymous_4)","decl":{"start":{"line":37,"column":78},"end":{"line":37,"column":79}},"loc":{"start":{"line":37,"column":85},"end":{"line":37,"column":114}},"line":37},"5":{"name":"(anonymous_5)","decl":{"start":{"line":92,"column":62},"end":{"line":92,"column":63}},"loc":{"start":{"line":93,"column":12},"end":{"line":98,"column":18}},"line":93},"6":{"name":"(anonymous_6)","decl":{"start":{"line":104,"column":42},"end":{"line":104,"column":43}},"loc":{"start":{"line":104,"column":46},"end":{"line":104,"column":74}},"line":104},"7":{"name":"(anonymous_7)","decl":{"start":{"line":107,"column":42},"end":{"line":107,"column":43}},"loc":{"start":{"line":107,"column":47},"end":{"line":107,"column":75}},"line":107},"8":{"name":"(anonymous_8)","decl":{"start":{"line":114,"column":25},"end":{"line":114,"column":26}},"loc":{"start":{"line":114,"column":30},"end":{"line":114,"column":48}},"line":114}},"branchMap":{"0":{"loc":{"start":{"line":46,"column":6},"end":{"line":50,"column":7}},"type":"if","locations":[{"start":{"line":46,"column":6},"end":{"line":50,"column":7}},{"start":{"line":48,"column":13},"end":{"line":50,"column":7}}],"line":46},"1":{"loc":{"start":{"line":56,"column":8},"end":{"line":67,"column":8}},"type":"if","locations":[{"start":{"line":56,"column":8},"end":{"line":67,"column":8}},{"start":{"line":61,"column":16},"end":{"line":67,"column":8}}],"line":56},"2":{"loc":{"start":{"line":61,"column":16},"end":{"line":67,"column":8}},"type":"if","locations":[{"start":{"line":61,"column":16},"end":{"line":67,"column":8}},{"start":{},"end":{}}],"line":61},"3":{"loc":{"start":{"line":80,"column":4},"end":{"line":115,"column":11}},"type":"cond-expr","locations":[{"start":{"line":81,"column":4},"end":{"line":111,"column":7}},{"start":{"line":112,"column":7},"end":{"line":115,"column":11}}],"line":80},"4":{"loc":{"start":{"line":92,"column":5},"end":{"line":99,"column":10}},"type":"binary-expr","locations":[{"start":{"line":92,"column":5},"end":{"line":92,"column":29}},{"start":{"line":92,"column":33},"end":{"line":99,"column":10}}],"line":92}},"s":{"0":4,"1":4,"2":4,"3":4,"4":6,"5":4,"6":4,"7":0,"8":0,"9":0,"10":0,"11":0,"12":0,"13":0,"14":0,"15":0,"16":0,"17":0,"18":0,"19":0,"20":0,"21":0,"22":0,"23":0,"24":0,"25":0,"26":0,"27":0,"28":0,"29":0,"30":0,"31":0,"32":0,"33":4,"34":0,"35":0,"36":0,"37":0},"f":{"0":4,"1":6,"2":0,"3":0,"4":0,"5":0,"6":0,"7":0,"8":0},"b":{"0":[0,0],"1":[0,0],"2":[0,0],"3":[4,0],"4":[4,0]},"_coverageSchema":"1a1c01bbd47fc00a2c39e90264f33305004495a9","hash":"6d9dd0d86e01df21142265d823ccf7009d4cf057"}
}
