TN:
SF:src/Home.jsx
FN:18,Home
FN:31,(anonymous_1)
FN:32,(anonymous_2)
FN:37,(anonymous_3)
FN:39,helper
FN:44,(anonymous_5)
FN:49,(anonymous_6)
FN:51,helper
FN:53,(anonymous_8)
FN:74,handleExhibitiob
FN:76,(anonymous_10)
FN:78,(anonymous_11)
FN:90,(anonymous_12)
FN:94,helper
FN:110,(anonymous_14)
FN:119,(anonymous_15)
FN:122,helper
FN:130,(anonymous_17)
FN:142,(anonymous_18)
FN:172,(anonymous_19)
FN:180,(anonymous_20)
FN:188,(anonymous_21)
FN:207,(anonymous_22)
FNF:23
FNH:22
FNDA:7,Home
FNDA:1,(anonymous_1)
FNDA:0,(anonymous_2)
FNDA:1,(anonymous_3)
FNDA:1,helper
FNDA:1,(anonymous_5)
FNDA:2,(anonymous_6)
FNDA:2,helper
FNDA:2,(anonymous_8)
FNDA:3,handleExhibitiob
FNDA:1,(anonymous_10)
FNDA:1,(anonymous_11)
FNDA:1,(anonymous_12)
FNDA:1,helper
FNDA:1,(anonymous_14)
FNDA:2,(anonymous_15)
FNDA:2,helper
FNDA:1,(anonymous_17)
FNDA:2,(anonymous_18)
FNDA:1,(anonymous_19)
FNDA:1,(anonymous_20)
FNDA:1,(anonymous_21)
FNDA:10,(anonymous_22)
DA:19,7
DA:20,7
DA:21,7
DA:22,7
DA:23,7
DA:24,7
DA:25,7
DA:28,7
DA:31,7
DA:32,1
DA:33,0
DA:37,7
DA:38,1
DA:40,1
DA:41,1
DA:43,1
DA:44,1
DA:45,1
DA:49,7
DA:52,2
DA:53,2
DA:54,2
DA:55,2
DA:56,2
DA:57,4
DA:58,4
DA:59,4
DA:60,4
DA:63,2
DA:65,0
DA:68,2
DA:71,7
DA:75,3
DA:76,1
DA:77,2
DA:78,1
DA:80,1
DA:87,7
DA:90,7
DA:91,1
DA:92,1
DA:96,1
DA:98,1
DA:99,1
DA:100,1
DA:104,0
DA:106,1
DA:109,1
DA:110,1
DA:111,1
DA:119,7
DA:120,2
DA:124,2
DA:127,2
DA:129,1
DA:130,1
DA:137,0
DA:141,2
DA:142,2
DA:143,2
DA:150,7
DA:172,1
DA:180,1
DA:188,1
DA:208,10
LF:65
LH:61
BRDA:52,0,0,2
BRDA:52,0,1,0
BRDA:52,1,0,2
BRDA:52,1,1,2
BRDA:75,2,0,1
BRDA:75,2,1,2
BRDA:76,3,0,1
BRDA:76,3,1,0
BRDA:77,4,0,1
BRDA:77,4,1,1
BRDA:78,5,0,1
BRDA:78,5,1,0
BRDA:87,6,0,5
BRDA:87,6,1,2
BRDA:127,7,0,1
BRDA:127,7,1,1
BRDA:127,8,0,2
BRDA:127,8,1,1
BRDA:152,9,0,1
BRDA:152,9,1,6
BRDA:182,10,0,6
BRDA:182,10,1,5
BRDA:193,11,0,6
BRDA:193,11,1,5
BRDA:199,12,0,4
BRDA:199,12,1,1
BRDA:200,13,0,4
BRDA:200,13,1,1
BRF:28
BRH:25
end_of_record
TN:
SF:src/Artists/ArtistDahsBoard.jsx
FN:14,ArtistDashboard
FN:28,(anonymous_1)
FN:29,getExhibition
FN:54,handleClick
FN:58,deleteFile
FN:59,(anonymous_5)
FN:59,(anonymous_6)
FN:63,addFiles
FN:66,(anonymous_8)
FN:69,handleNext
FN:105,(anonymous_10)
FN:112,(anonymous_11)
FN:118,(anonymous_12)
FNF:13
FNH:0
FNDA:0,ArtistDashboard
FNDA:0,(anonymous_1)
FNDA:0,getExhibition
FNDA:0,handleClick
FNDA:0,deleteFile
FNDA:0,(anonymous_5)
FNDA:0,(anonymous_6)
FNDA:0,addFiles
FNDA:0,(anonymous_8)
FNDA:0,handleNext
FNDA:0,(anonymous_10)
FNDA:0,(anonymous_11)
FNDA:0,(anonymous_12)
DA:16,0
DA:17,0
DA:18,0
DA:19,0
DA:20,0
DA:22,0
DA:23,0
DA:24,0
DA:27,0
DA:28,0
DA:30,0
DA:31,0
DA:32,0
DA:33,0
DA:35,0
DA:36,0
DA:37,0
DA:38,0
DA:42,0
DA:45,0
DA:49,0
DA:52,0
DA:55,0
DA:59,0
DA:65,0
DA:66,0
DA:73,0
DA:106,0
DA:112,0
DA:118,0
LF:30
LH:0
BRDA:31,0,0,0
BRDA:31,0,1,0
BRDA:35,1,0,0
BRDA:35,1,1,0
BRDA:75,2,0,0
BRDA:75,2,1,0
BRDA:79,3,0,0
BRDA:79,3,1,0
BRDA:82,4,0,0
BRDA:82,4,1,0
BRDA:82,5,0,0
BRDA:82,5,1,0
BRDA:99,6,0,0
BRDA:99,6,1,0
BRDA:105,7,0,0
BRDA:105,7,1,0
BRDA:107,8,0,0
BRDA:107,8,1,0
BRF:18
BRH:0
end_of_record
TN:
SF:src/Artists/UploadExhibition.jsx
FN:10,UploadExhibition
FN:25,handleChange
FN:27,(anonymous_2)
FN:33,handleUpload
FN:44,(anonymous_4)
FN:82,(anonymous_5)
FN:98,(anonymous_6)
FN:106,(anonymous_7)
FNF:8
FNH:0
FNDA:0,UploadExhibition
FNDA:0,handleChange
FNDA:0,(anonymous_2)
FNDA:0,handleUpload
FNDA:0,(anonymous_4)
FNDA:0,(anonymous_5)
FNDA:0,(anonymous_6)
FNDA:0,(anonymous_7)
DA:12,0
DA:13,0
DA:14,0
DA:16,0
DA:22,0
DA:23,0
DA:26,0
DA:27,0
DA:35,0
DA:36,0
DA:37,0
DA:38,0
DA:39,0
DA:40,0
DA:43,0
DA:46,0
DA:47,0
DA:49,0
DA:54,0
DA:67,0
DA:69,0
DA:70,0
DA:77,0
DA:83,0
DA:98,0
DA:106,0
LF:26
LH:0
BRDA:79,0,0,0
BRDA:79,0,1,0
BRDA:98,1,0,0
BRDA:98,1,1,0
BRF:4
BRH:0
end_of_record
TN:
SF:src/Business/BusinessSignUp.jsx
FN:11,BusinessSignup
FN:19,onSubmit
FN:28,(anonymous_2)
FN:80,(anonymous_3)
FN:104,(anonymous_4)
FN:120,(anonymous_5)
FN:131,(anonymous_6)
FN:146,(anonymous_7)
FN:178,(anonymous_8)
FN:229,(anonymous_9)
FNF:10
FNH:9
FNDA:6,BusinessSignup
FNDA:2,onSubmit
FNDA:2,(anonymous_2)
FNDA:0,(anonymous_3)
FNDA:2,(anonymous_4)
FNDA:2,(anonymous_5)
FNDA:2,(anonymous_6)
FNDA:2,(anonymous_7)
FNDA:2,(anonymous_8)
FNDA:2,(anonymous_9)
DA:12,6
DA:14,6
DA:15,6
DA:16,6
DA:21,2
DA:23,2
DA:26,2
DA:27,2
DA:28,2
DA:29,2
DA:30,2
DA:32,2
DA:33,2
DA:35,2
DA:37,1
DA:42,1
DA:44,1
DA:57,0
DA:58,0
DA:67,1
DA:74,6
DA:81,0
DA:82,0
DA:83,0
DA:84,0
DA:105,2
DA:121,2
DA:132,2
DA:147,2
DA:179,2
DA:230,2
LF:31
LH:25
BRDA:28,0,0,2
BRDA:28,0,1,2
BRDA:28,1,0,2
BRDA:28,1,1,1
BRDA:32,2,0,2
BRDA:32,2,1,0
BRDA:33,3,0,2
BRDA:33,3,1,1
BRDA:35,4,0,1
BRDA:35,4,1,1
BRDA:35,5,0,2
BRDA:35,5,1,2
BRDA:81,6,0,0
BRDA:81,6,1,0
BRDA:89,7,0,6
BRDA:89,7,1,1
BRDA:94,8,0,6
BRDA:94,8,1,0
BRDA:105,9,0,2
BRDA:105,9,1,0
BRDA:121,10,0,2
BRDA:121,10,1,0
BRDA:132,11,0,2
BRDA:132,11,1,0
BRDA:147,12,0,2
BRDA:147,12,1,0
BRDA:150,13,0,6
BRDA:150,13,1,1
BRDA:160,14,0,6
BRDA:160,14,1,1
BRDA:170,15,0,6
BRDA:170,15,1,0
BRDA:179,16,0,2
BRDA:179,16,1,0
BRDA:182,17,0,6
BRDA:182,17,1,0
BRDA:230,18,0,2
BRDA:230,18,1,0
BRDA:239,19,0,0
BRDA:239,19,1,6
BRF:40
BRH:27
end_of_record
TN:
SF:src/Forms/SignIn.jsx
FN:9,SignIn
FN:13,(anonymous_1)
FN:106,(anonymous_2)
FN:110,(anonymous_3)
FNF:4
FNH:0
FNDA:0,SignIn
FNDA:0,(anonymous_1)
FNDA:0,(anonymous_2)
FNDA:0,(anonymous_3)
DA:10,0
DA:11,0
DA:12,0
DA:13,0
DA:14,0
DA:16,0
DA:18,0
DA:24,0
DA:26,0
DA:27,0
DA:29,0
DA:31,0
DA:32,0
DA:33,0
DA:34,0
DA:35,0
DA:36,0
DA:37,0
DA:39,0
DA:40,0
DA:41,0
DA:43,0
DA:52,0
DA:53,0
DA:55,0
DA:56,0
DA:58,0
DA:59,0
DA:61,0
DA:62,0
DA:64,0
DA:65,0
DA:67,0
DA:68,0
DA:70,0
DA:73,0
DA:74,0
DA:79,0
DA:86,0
DA:107,0
DA:110,0
LF:41
LH:0
BRDA:31,0,0,0
BRDA:31,0,1,0
BRDA:35,1,0,0
BRDA:35,1,1,0
BRDA:40,2,0,0
BRDA:40,2,1,0
BRDA:53,3,0,0
BRDA:53,3,1,0
BRDA:53,3,2,0
BRDA:53,3,3,0
BRDA:53,3,4,0
BRDA:53,3,5,0
BRDA:70,4,0,0
BRDA:70,4,1,0
BRDA:94,5,0,0
BRDA:94,5,1,0
BRDA:107,6,0,0
BRDA:107,6,1,0
BRF:18
BRH:0
end_of_record
TN:
SF:src/Forms/UserAuthContext.jsx
FN:8,(anonymous_0)
FN:9,(anonymous_1)
FNF:2
FNH:0
FNDA:0,(anonymous_0)
FNDA:0,(anonymous_1)
DA:7,1
DA:8,1
DA:9,1
DA:10,0
DA:12,0
LF:5
LH:3
BRF:0
BRH:0
end_of_record
TN:
SF:src/utilities/fetchData.js
FN:3,fetchData
FNF:1
FNH:1
FNDA:2,fetchData
DA:4,2
DA:5,2
DA:6,1
DA:8,1
DA:9,1
DA:10,1
LF:6
LH:6
BRDA:5,0,0,1
BRDA:5,0,1,1
BRDA:8,1,0,1
BRDA:8,1,1,0
BRF:4
BRH:3
end_of_record
