TN:
SF:src/Business/BusinessSignUp.jsx
FN:11,BusinessSignup
FN:18,onSubmit
FN:31,(anonymous_2)
FN:70,(anonymous_3)
FN:93,(anonymous_4)
FN:117,(anonymous_5)
FN:128,(anonymous_6)
FN:141,(anonymous_7)
FN:159,(anonymous_8)
FN:209,(anonymous_9)
FNF:10
FNH:9
FNDA:8,BusinessSignup
FNDA:2,onSubmit
FNDA:2,(anonymous_2)
FNDA:0,(anonymous_3)
FNDA:2,(anonymous_4)
FNDA:2,(anonymous_5)
FNDA:2,(anonymous_6)
FNDA:2,(anonymous_7)
FNDA:2,(anonymous_8)
FNDA:2,(anonymous_9)
DA:12,8
DA:14,8
DA:15,8
DA:21,2
DA:22,2
DA:24,2
DA:29,2
DA:31,2
DA:33,2
DA:35,0
DA:36,0
DA:49,0
DA:50,0
DA:53,2
DA:57,0
DA:64,8
DA:71,0
DA:72,0
DA:73,0
DA:74,0
DA:94,2
DA:118,2
DA:129,2
DA:142,2
DA:160,2
DA:210,2
LF:26
LH:17
BRDA:31,0,0,2
BRDA:31,0,1,2
BRDA:31,1,0,2
BRDA:31,1,1,0
BRDA:33,2,0,0
BRDA:33,2,1,2
BRDA:44,3,0,0
BRDA:44,3,1,0
BRDA:71,4,0,0
BRDA:71,4,1,0
BRDA:79,5,0,8
BRDA:79,5,1,2
BRDA:94,6,0,2
BRDA:94,6,1,0
BRDA:118,7,0,2
BRDA:118,7,1,0
BRDA:129,8,0,2
BRDA:129,8,1,0
BRDA:142,9,0,2
BRDA:142,9,1,0
BRDA:160,10,0,2
BRDA:160,10,1,0
BRDA:210,11,0,2
BRDA:210,11,1,0
BRDA:219,12,0,0
BRDA:219,12,1,8
BRF:26
BRH:13
end_of_record
TN:
SF:src/utilities/fetchData.js
FN:3,fetchData
FNF:1
FNH:1
FNDA:2,fetchData
DA:4,2
DA:5,2
DA:6,1
DA:8,1
DA:9,1
DA:10,1
LF:6
LH:6
BRDA:5,0,0,1
BRDA:5,0,1,1
BRDA:8,1,0,1
BRDA:8,1,1,0
BRF:4
BRH:3
end_of_record
TN:
SF:src/utilities/geoCode.js
FN:5,geoCode
FNF:1
FNH:1
FNDA:2,geoCode
DA:2,2
DA:6,2
DA:7,2
DA:10,2
DA:12,2
DA:13,1
DA:14,1
DA:16,1
DA:20,0
LF:9
LH:8
BRDA:12,0,0,1
BRDA:12,0,1,1
BRF:2
BRH:2
end_of_record
